2025-08-22 19:57:07,413 [INFO] Placeholder created: C:\Users\User\Desktop\Remanga\EW\Bot\no_avatar.jpg
2025-08-22 19:57:07,488 [INFO] Bot is running. JSON push to GitHub every 5 minutes enabled (asyncio task).
2025-08-22 19:57:07,792 [INFO] HTTP Request: POST https://api.telegram.org/bot8380517379:AAF1pCJKN2uz2YL86yw_wKcFHGy_oFmvOjQ/getMe "HTTP/1.1 200 OK"
2025-08-22 19:57:07,882 [INFO] HTTP Request: POST https://api.telegram.org/bot8380517379:AAF1pCJKN2uz2YL86yw_wKcFHGy_oFmvOjQ/deleteWebhook "HTTP/1.1 200 OK"
2025-08-22 19:57:07,883 [INFO] Application started
2025-08-22 19:57:08,141 [INFO] HTTP Request: POST https://api.telegram.org/bot8380517379:AAF1pCJKN2uz2YL86yw_wKcFHGy_oFmvOjQ/getUpdates "HTTP/1.1 200 OK"
2025-08-22 19:57:12,749 [INFO] HTTP Request: POST https://api.telegram.org/bot8380517379:AAF1pCJKN2uz2YL86yw_wKcFHGy_oFmvOjQ/getUpdates "HTTP/1.1 200 OK"
2025-08-22 19:57:17,824 [WARNING] Can't read C:\Users\User\Desktop\Remanga\EW\Bot\history_ew.json: [Errno 2] No such file or directory: 'C:\\Users\\User\\Desktop\\Remanga\\EW\\Bot\\history_ew.json'
2025-08-22 19:57:17,825 [WARNING] Can't read C:\Users\User\Desktop\Remanga\EW\Bot\history_ed.json: [Errno 2] No such file or directory: 'C:\\Users\\User\\Desktop\\Remanga\\EW\\Bot\\history_ed.json'
2025-08-22 19:57:17,825 [WARNING] Can't read C:\Users\User\Desktop\Remanga\EW\Bot\top10.json: [Errno 2] No such file or directory: 'C:\\Users\\User\\Desktop\\Remanga\\EW\\Bot\\top10.json'
2025-08-22 19:57:17,826 [INFO] Синхронизация с GitHub:
❌ history_ew.json: не прочитан C:\Users\User\Desktop\Remanga\EW\Bot\history_ew.json
❌ history_ed.json: не прочитан C:\Users\User\Desktop\Remanga\EW\Bot\history_ed.json
❌ top10.json: не прочитан C:\Users\User\Desktop\Remanga\EW\Bot\top10.json
2025-08-22 19:57:18,568 [INFO] HTTP Request: POST https://api.telegram.org/bot8380517379:AAF1pCJKN2uz2YL86yw_wKcFHGy_oFmvOjQ/getUpdates "HTTP/1.1 200 OK"
2025-08-22 19:57:26,132 [INFO] HTTP Request: POST https://api.telegram.org/bot8380517379:AAF1pCJKN2uz2YL86yw_wKcFHGy_oFmvOjQ/getUpdates "HTTP/1.1 200 OK"
2025-08-22 19:57:26,822 [INFO] HTTP Request: POST https://api.telegram.org/bot8380517379:AAF1pCJKN2uz2YL86yw_wKcFHGy_oFmvOjQ/getUpdates "HTTP/1.1 200 OK"
2025-08-22 19:57:30,676 [INFO] HTTP Request: POST https://api.telegram.org/bot8380517379:AAF1pCJKN2uz2YL86yw_wKcFHGy_oFmvOjQ/getUpdates "HTTP/1.1 200 OK"
2025-08-22 19:57:38,535 [INFO] HTTP Request: POST https://api.telegram.org/bot8380517379:AAF1pCJKN2uz2YL86yw_wKcFHGy_oFmvOjQ/getUpdates "HTTP/1.1 200 OK"
2025-08-22 19:57:48,623 [INFO] HTTP Request: POST https://api.telegram.org/bot8380517379:AAF1pCJKN2uz2YL86yw_wKcFHGy_oFmvOjQ/getUpdates "HTTP/1.1 200 OK"
2025-08-22 19:57:50,174 [INFO] HTTP Request: POST https://api.telegram.org/bot8380517379:AAF1pCJKN2uz2YL86yw_wKcFHGy_oFmvOjQ/getUpdates "HTTP/1.1 200 OK"
2025-08-22 19:57:58,053 [INFO] HTTP Request: POST https://api.telegram.org/bot8380517379:AAF1pCJKN2uz2YL86yw_wKcFHGy_oFmvOjQ/getUpdates "HTTP/1.1 200 OK"
2025-08-22 19:58:08,137 [INFO] HTTP Request: POST https://api.telegram.org/bot8380517379:AAF1pCJKN2uz2YL86yw_wKcFHGy_oFmvOjQ/getUpdates "HTTP/1.1 200 OK"
2025-08-22 19:58:08,522 [INFO] HTTP Request: POST https://api.telegram.org/bot8380517379:AAF1pCJKN2uz2YL86yw_wKcFHGy_oFmvOjQ/getUpdates "HTTP/1.1 200 OK"
2025-08-22 19:58:08,803 [INFO] HTTP Request: POST https://api.telegram.org/bot8380517379:AAF1pCJKN2uz2YL86yw_wKcFHGy_oFmvOjQ/sendMessage "HTTP/1.1 200 OK"
2025-08-22 19:58:18,307 [INFO] HTTP Request: POST https://api.telegram.org/bot8380517379:AAF1pCJKN2uz2YL86yw_wKcFHGy_oFmvOjQ/getUpdates "HTTP/1.1 200 OK"
2025-08-22 19:58:27,086 [INFO] HTTP Request: POST https://api.telegram.org/bot8380517379:AAF1pCJKN2uz2YL86yw_wKcFHGy_oFmvOjQ/getUpdates "HTTP/1.1 200 OK"
2025-08-22 19:58:27,086 [INFO] WEB_APP_DATA from 1515127053: {"type":"sync","state":{"userId":1515127053,"balance":148463,"baseTap":1,"upgrades":{"tapPower":4,"autoClick":1,"mult":3,"offline":6},"lastTs":1755874706798,"energy":1,"claimedEnergy":61,"profile":"https://remanga.org/user/12762/about"}}
2025-08-22 19:58:27,433 [INFO] HTTP Request: POST https://api.telegram.org/bot8380517379:AAF1pCJKN2uz2YL86yw_wKcFHGy_oFmvOjQ/sendMessage "HTTP/1.1 200 OK"
2025-08-22 19:58:37,170 [INFO] HTTP Request: POST https://api.telegram.org/bot8380517379:AAF1pCJKN2uz2YL86yw_wKcFHGy_oFmvOjQ/getUpdates "HTTP/1.1 200 OK"
2025-08-22 19:58:47,252 [INFO] HTTP Request: POST https://api.telegram.org/bot8380517379:AAF1pCJKN2uz2YL86yw_wKcFHGy_oFmvOjQ/getUpdates "HTTP/1.1 200 OK"
2025-08-22 19:58:49,645 [INFO] HTTP Request: POST https://api.telegram.org/bot8380517379:AAF1pCJKN2uz2YL86yw_wKcFHGy_oFmvOjQ/getUpdates "HTTP/1.1 200 OK"
2025-08-22 19:58:59,730 [INFO] HTTP Request: POST https://api.telegram.org/bot8380517379:AAF1pCJKN2uz2YL86yw_wKcFHGy_oFmvOjQ/getUpdates "HTTP/1.1 200 OK"
2025-08-22 19:58:59,813 [INFO] HTTP Request: POST https://api.telegram.org/bot8380517379:AAF1pCJKN2uz2YL86yw_wKcFHGy_oFmvOjQ/getUpdates "HTTP/1.1 200 OK"
2025-08-22 19:59:09,894 [INFO] HTTP Request: POST https://api.telegram.org/bot8380517379:AAF1pCJKN2uz2YL86yw_wKcFHGy_oFmvOjQ/getUpdates "HTTP/1.1 200 OK"
2025-08-22 19:59:12,523 [INFO] HTTP Request: POST https://api.telegram.org/bot8380517379:AAF1pCJKN2uz2YL86yw_wKcFHGy_oFmvOjQ/getUpdates "HTTP/1.1 200 OK"
2025-08-22 19:59:14,850 [INFO] HTTP Request: POST https://api.telegram.org/bot8380517379:AAF1pCJKN2uz2YL86yw_wKcFHGy_oFmvOjQ/getUpdates "HTTP/1.1 200 OK"
2025-08-22 19:59:17,456 [INFO] HTTP Request: POST https://api.telegram.org/bot8380517379:AAF1pCJKN2uz2YL86yw_wKcFHGy_oFmvOjQ/getUpdates "HTTP/1.1 200 OK"
2025-08-22 19:59:25,531 [INFO] HTTP Request: POST https://api.telegram.org/bot8380517379:AAF1pCJKN2uz2YL86yw_wKcFHGy_oFmvOjQ/getUpdates "HTTP/1.1 200 OK"
2025-08-22 19:59:35,614 [INFO] HTTP Request: POST https://api.telegram.org/bot8380517379:AAF1pCJKN2uz2YL86yw_wKcFHGy_oFmvOjQ/getUpdates "HTTP/1.1 200 OK"
2025-08-22 19:59:37,680 [INFO] HTTP Request: POST https://api.telegram.org/bot8380517379:AAF1pCJKN2uz2YL86yw_wKcFHGy_oFmvOjQ/getUpdates "HTTP/1.1 200 OK"
2025-08-22 19:59:44,736 [INFO] HTTP Request: POST https://api.telegram.org/bot8380517379:AAF1pCJKN2uz2YL86yw_wKcFHGy_oFmvOjQ/getUpdates "HTTP/1.1 200 OK"
2025-08-22 19:59:47,521 [INFO] HTTP Request: POST https://api.telegram.org/bot8380517379:AAF1pCJKN2uz2YL86yw_wKcFHGy_oFmvOjQ/getUpdates "HTTP/1.1 200 OK"
2025-08-22 19:59:47,522 [WARNING] JSON not found: C:\Users\User\Desktop\Remanga\EW\Bot\top10.json
2025-08-22 19:59:47,847 [INFO] HTTP Request: POST https://api.telegram.org/bot8380517379:AAF1pCJKN2uz2YL86yw_wKcFHGy_oFmvOjQ/sendMessage "HTTP/1.1 200 OK"
2025-08-22 19:59:48,442 [INFO] HTTP Request: POST https://api.telegram.org/bot8380517379:AAF1pCJKN2uz2YL86yw_wKcFHGy_oFmvOjQ/getUpdates "HTTP/1.1 200 OK"
2025-08-22 19:59:50,854 [INFO] HTTP Request: POST https://api.telegram.org/bot8380517379:AAF1pCJKN2uz2YL86yw_wKcFHGy_oFmvOjQ/getUpdates "HTTP/1.1 200 OK"
2025-08-22 20:00:00,943 [INFO] HTTP Request: POST https://api.telegram.org/bot8380517379:AAF1pCJKN2uz2YL86yw_wKcFHGy_oFmvOjQ/getUpdates "HTTP/1.1 200 OK"
2025-08-22 20:00:11,037 [INFO] HTTP Request: POST https://api.telegram.org/bot8380517379:AAF1pCJKN2uz2YL86yw_wKcFHGy_oFmvOjQ/getUpdates "HTTP/1.1 200 OK"
2025-08-22 20:00:17,052 [INFO] HTTP Request: POST https://api.telegram.org/bot8380517379:AAF1pCJKN2uz2YL86yw_wKcFHGy_oFmvOjQ/getUpdates "HTTP/1.1 200 OK"
2025-08-22 20:00:20,997 [INFO] HTTP Request: POST https://api.telegram.org/bot8380517379:AAF1pCJKN2uz2YL86yw_wKcFHGy_oFmvOjQ/getUpdates "HTTP/1.1 200 OK"
2025-08-22 20:00:27,025 [INFO] HTTP Request: POST https://api.telegram.org/bot8380517379:AAF1pCJKN2uz2YL86yw_wKcFHGy_oFmvOjQ/getUpdates "HTTP/1.1 200 OK"
2025-08-22 20:00:28,359 [INFO] HTTP Request: POST https://api.telegram.org/bot8380517379:AAF1pCJKN2uz2YL86yw_wKcFHGy_oFmvOjQ/getUpdates "HTTP/1.1 200 OK"
2025-08-22 20:00:28,637 [INFO] HTTP Request: POST https://api.telegram.org/bot8380517379:AAF1pCJKN2uz2YL86yw_wKcFHGy_oFmvOjQ/getUpdates "HTTP/1.1 200 OK"
2025-08-22 20:00:29,007 [INFO] HTTP Request: POST https://api.telegram.org/bot8380517379:AAF1pCJKN2uz2YL86yw_wKcFHGy_oFmvOjQ/getUpdates "HTTP/1.1 200 OK"
2025-08-22 20:00:35,144 [INFO] HTTP Request: POST https://api.telegram.org/bot8380517379:AAF1pCJKN2uz2YL86yw_wKcFHGy_oFmvOjQ/getUpdates "HTTP/1.1 200 OK"
2025-08-22 20:00:39,176 [INFO] HTTP Request: POST https://api.telegram.org/bot8380517379:AAF1pCJKN2uz2YL86yw_wKcFHGy_oFmvOjQ/getUpdates "HTTP/1.1 200 OK"
2025-08-22 20:00:49,259 [INFO] HTTP Request: POST https://api.telegram.org/bot8380517379:AAF1pCJKN2uz2YL86yw_wKcFHGy_oFmvOjQ/getUpdates "HTTP/1.1 200 OK"
2025-08-22 20:00:53,612 [INFO] HTTP Request: POST https://api.telegram.org/bot8380517379:AAF1pCJKN2uz2YL86yw_wKcFHGy_oFmvOjQ/getUpdates "HTTP/1.1 200 OK"
2025-08-22 20:01:03,697 [INFO] HTTP Request: POST https://api.telegram.org/bot8380517379:AAF1pCJKN2uz2YL86yw_wKcFHGy_oFmvOjQ/getUpdates "HTTP/1.1 200 OK"
2025-08-22 20:01:06,303 [INFO] HTTP Request: POST https://api.telegram.org/bot8380517379:AAF1pCJKN2uz2YL86yw_wKcFHGy_oFmvOjQ/getUpdates "HTTP/1.1 200 OK"
2025-08-22 20:01:16,390 [INFO] HTTP Request: POST https://api.telegram.org/bot8380517379:AAF1pCJKN2uz2YL86yw_wKcFHGy_oFmvOjQ/getUpdates "HTTP/1.1 200 OK"
2025-08-22 20:01:26,473 [INFO] HTTP Request: POST https://api.telegram.org/bot8380517379:AAF1pCJKN2uz2YL86yw_wKcFHGy_oFmvOjQ/getUpdates "HTTP/1.1 200 OK"
2025-08-22 20:01:36,560 [INFO] HTTP Request: POST https://api.telegram.org/bot8380517379:AAF1pCJKN2uz2YL86yw_wKcFHGy_oFmvOjQ/getUpdates "HTTP/1.1 200 OK"
2025-08-22 20:01:39,060 [INFO] HTTP Request: POST https://api.telegram.org/bot8380517379:AAF1pCJKN2uz2YL86yw_wKcFHGy_oFmvOjQ/getUpdates "HTTP/1.1 200 OK"
2025-08-22 20:01:42,193 [INFO] HTTP Request: POST https://api.telegram.org/bot8380517379:AAF1pCJKN2uz2YL86yw_wKcFHGy_oFmvOjQ/getUpdates "HTTP/1.1 200 OK"
2025-08-22 20:01:43,342 [INFO] HTTP Request: POST https://api.telegram.org/bot8380517379:AAF1pCJKN2uz2YL86yw_wKcFHGy_oFmvOjQ/getUpdates "HTTP/1.1 200 OK"
2025-08-22 20:01:52,325 [INFO] HTTP Request: POST https://api.telegram.org/bot8380517379:AAF1pCJKN2uz2YL86yw_wKcFHGy_oFmvOjQ/getUpdates "HTTP/1.1 200 OK"
2025-08-22 20:01:55,188 [INFO] HTTP Request: POST https://api.telegram.org/bot8380517379:AAF1pCJKN2uz2YL86yw_wKcFHGy_oFmvOjQ/getUpdates "HTTP/1.1 200 OK"
2025-08-22 20:02:05,273 [INFO] HTTP Request: POST https://api.telegram.org/bot8380517379:AAF1pCJKN2uz2YL86yw_wKcFHGy_oFmvOjQ/getUpdates "HTTP/1.1 200 OK"
2025-08-22 20:02:12,530 [INFO] HTTP Request: POST https://api.telegram.org/bot8380517379:AAF1pCJKN2uz2YL86yw_wKcFHGy_oFmvOjQ/getUpdates "HTTP/1.1 200 OK"
2025-08-22 20:02:17,838 [WARNING] Can't read C:\Users\User\Desktop\Remanga\EW\Bot\history_ew.json: [Errno 2] No such file or directory: 'C:\\Users\\User\\Desktop\\Remanga\\EW\\Bot\\history_ew.json'
2025-08-22 20:02:17,838 [WARNING] Can't read C:\Users\User\Desktop\Remanga\EW\Bot\history_ed.json: [Errno 2] No such file or directory: 'C:\\Users\\User\\Desktop\\Remanga\\EW\\Bot\\history_ed.json'
2025-08-22 20:02:17,838 [WARNING] Can't read C:\Users\User\Desktop\Remanga\EW\Bot\top10.json: [Errno 2] No such file or directory: 'C:\\Users\\User\\Desktop\\Remanga\\EW\\Bot\\top10.json'
2025-08-22 20:02:17,838 [INFO] Синхронизация с GitHub:
❌ history_ew.json: не прочитан C:\Users\User\Desktop\Remanga\EW\Bot\history_ew.json
❌ history_ed.json: не прочитан C:\Users\User\Desktop\Remanga\EW\Bot\history_ed.json
❌ top10.json: не прочитан C:\Users\User\Desktop\Remanga\EW\Bot\top10.json
2025-08-22 20:02:18,583 [INFO] HTTP Request: POST https://api.telegram.org/bot8380517379:AAF1pCJKN2uz2YL86yw_wKcFHGy_oFmvOjQ/getUpdates "HTTP/1.1 200 OK"
2025-08-22 20:02:20,914 [INFO] HTTP Request: POST https://api.telegram.org/bot8380517379:AAF1pCJKN2uz2YL86yw_wKcFHGy_oFmvOjQ/getUpdates "HTTP/1.1 200 OK"
2025-08-22 20:02:31,003 [INFO] HTTP Request: POST https://api.telegram.org/bot8380517379:AAF1pCJKN2uz2YL86yw_wKcFHGy_oFmvOjQ/getUpdates "HTTP/1.1 200 OK"
2025-08-22 20:02:32,226 [INFO] HTTP Request: POST https://api.telegram.org/bot8380517379:AAF1pCJKN2uz2YL86yw_wKcFHGy_oFmvOjQ/getUpdates "HTTP/1.1 200 OK"
2025-08-22 20:02:42,312 [INFO] HTTP Request: POST https://api.telegram.org/bot8380517379:AAF1pCJKN2uz2YL86yw_wKcFHGy_oFmvOjQ/getUpdates "HTTP/1.1 200 OK"
2025-08-22 20:02:45,181 [INFO] HTTP Request: POST https://api.telegram.org/bot8380517379:AAF1pCJKN2uz2YL86yw_wKcFHGy_oFmvOjQ/getUpdates "HTTP/1.1 200 OK"
2025-08-22 20:02:48,217 [INFO] HTTP Request: POST https://api.telegram.org/bot8380517379:AAF1pCJKN2uz2YL86yw_wKcFHGy_oFmvOjQ/getUpdates "HTTP/1.1 200 OK"
2025-08-22 20:02:49,997 [INFO] HTTP Request: POST https://api.telegram.org/bot8380517379:AAF1pCJKN2uz2YL86yw_wKcFHGy_oFmvOjQ/getUpdates "HTTP/1.1 200 OK"
2025-08-22 20:02:52,560 [INFO] HTTP Request: POST https://api.telegram.org/bot8380517379:AAF1pCJKN2uz2YL86yw_wKcFHGy_oFmvOjQ/getUpdates "HTTP/1.1 200 OK"
2025-08-22 20:02:53,529 [INFO] HTTP Request: POST https://api.telegram.org/bot8380517379:AAF1pCJKN2uz2YL86yw_wKcFHGy_oFmvOjQ/getUpdates "HTTP/1.1 200 OK"
2025-08-22 20:02:55,806 [INFO] HTTP Request: POST https://api.telegram.org/bot8380517379:AAF1pCJKN2uz2YL86yw_wKcFHGy_oFmvOjQ/getUpdates "HTTP/1.1 200 OK"
2025-08-22 20:02:58,659 [INFO] HTTP Request: POST https://api.telegram.org/bot8380517379:AAF1pCJKN2uz2YL86yw_wKcFHGy_oFmvOjQ/getUpdates "HTTP/1.1 200 OK"
2025-08-22 20:03:04,949 [INFO] HTTP Request: POST https://api.telegram.org/bot8380517379:AAF1pCJKN2uz2YL86yw_wKcFHGy_oFmvOjQ/getUpdates "HTTP/1.1 200 OK"
2025-08-22 20:03:06,950 [INFO] HTTP Request: POST https://api.telegram.org/bot8380517379:AAF1pCJKN2uz2YL86yw_wKcFHGy_oFmvOjQ/getUpdates "HTTP/1.1 200 OK"
2025-08-22 20:03:06,951 [INFO] WEB_APP_DATA from 1515127053: {"type":"sync","state":{"userId":1515127053,"balance":162870,"baseTap":1,"upgrades":{"tapPower":4,"autoClick":1,"mult":3,"offline":6},"lastTs":1755874986698,"energy":1,"claimedEnergy":61,"profile":"https://remanga.org/user/12762/about"}}
2025-08-22 20:03:07,285 [INFO] HTTP Request: POST https://api.telegram.org/bot8380517379:AAF1pCJKN2uz2YL86yw_wKcFHGy_oFmvOjQ/sendMessage "HTTP/1.1 200 OK"
2025-08-22 20:03:17,045 [INFO] HTTP Request: POST https://api.telegram.org/bot8380517379:AAF1pCJKN2uz2YL86yw_wKcFHGy_oFmvOjQ/getUpdates "HTTP/1.1 200 OK"
2025-08-22 20:03:17,294 [INFO] HTTP Request: POST https://api.telegram.org/bot8380517379:AAF1pCJKN2uz2YL86yw_wKcFHGy_oFmvOjQ/getUpdates "HTTP/1.1 200 OK"
2025-08-22 20:03:26,518 [INFO] HTTP Request: POST https://api.telegram.org/bot8380517379:AAF1pCJKN2uz2YL86yw_wKcFHGy_oFmvOjQ/getUpdates "HTTP/1.1 200 OK"
2025-08-22 20:03:35,037 [INFO] HTTP Request: POST https://api.telegram.org/bot8380517379:AAF1pCJKN2uz2YL86yw_wKcFHGy_oFmvOjQ/getUpdates "HTTP/1.1 200 OK"
2025-08-22 20:03:39,385 [INFO] HTTP Request: POST https://api.telegram.org/bot8380517379:AAF1pCJKN2uz2YL86yw_wKcFHGy_oFmvOjQ/getUpdates "HTTP/1.1 200 OK"
2025-08-22 20:03:49,468 [INFO] HTTP Request: POST https://api.telegram.org/bot8380517379:AAF1pCJKN2uz2YL86yw_wKcFHGy_oFmvOjQ/getUpdates "HTTP/1.1 200 OK"
2025-08-22 20:03:59,551 [INFO] HTTP Request: POST https://api.telegram.org/bot8380517379:AAF1pCJKN2uz2YL86yw_wKcFHGy_oFmvOjQ/getUpdates "HTTP/1.1 200 OK"
2025-08-22 20:04:09,636 [INFO] HTTP Request: POST https://api.telegram.org/bot8380517379:AAF1pCJKN2uz2YL86yw_wKcFHGy_oFmvOjQ/getUpdates "HTTP/1.1 200 OK"
2025-08-22 20:04:19,719 [INFO] HTTP Request: POST https://api.telegram.org/bot8380517379:AAF1pCJKN2uz2YL86yw_wKcFHGy_oFmvOjQ/getUpdates "HTTP/1.1 200 OK"
2025-08-22 20:04:29,802 [INFO] HTTP Request: POST https://api.telegram.org/bot8380517379:AAF1pCJKN2uz2YL86yw_wKcFHGy_oFmvOjQ/getUpdates "HTTP/1.1 200 OK"
2025-08-22 20:04:39,889 [INFO] HTTP Request: POST https://api.telegram.org/bot8380517379:AAF1pCJKN2uz2YL86yw_wKcFHGy_oFmvOjQ/getUpdates "HTTP/1.1 200 OK"
2025-08-22 20:04:47,489 [INFO] HTTP Request: POST https://api.telegram.org/bot8380517379:AAF1pCJKN2uz2YL86yw_wKcFHGy_oFmvOjQ/getUpdates "HTTP/1.1 200 OK"
2025-08-22 20:04:57,574 [INFO] HTTP Request: POST https://api.telegram.org/bot8380517379:AAF1pCJKN2uz2YL86yw_wKcFHGy_oFmvOjQ/getUpdates "HTTP/1.1 200 OK"
2025-08-22 20:05:07,658 [INFO] HTTP Request: POST https://api.telegram.org/bot8380517379:AAF1pCJKN2uz2YL86yw_wKcFHGy_oFmvOjQ/getUpdates "HTTP/1.1 200 OK"
2025-08-22 20:05:17,745 [INFO] HTTP Request: POST https://api.telegram.org/bot8380517379:AAF1pCJKN2uz2YL86yw_wKcFHGy_oFmvOjQ/getUpdates "HTTP/1.1 200 OK"
2025-08-22 20:05:25,611 [INFO] HTTP Request: POST https://api.telegram.org/bot8380517379:AAF1pCJKN2uz2YL86yw_wKcFHGy_oFmvOjQ/getUpdates "HTTP/1.1 200 OK"
2025-08-22 20:05:26,762 [INFO] HTTP Request: POST https://api.telegram.org/bot8380517379:AAF1pCJKN2uz2YL86yw_wKcFHGy_oFmvOjQ/getUpdates "HTTP/1.1 200 OK"
2025-08-22 20:05:36,847 [INFO] HTTP Request: POST https://api.telegram.org/bot8380517379:AAF1pCJKN2uz2YL86yw_wKcFHGy_oFmvOjQ/getUpdates "HTTP/1.1 200 OK"
2025-08-22 20:05:46,930 [INFO] HTTP Request: POST https://api.telegram.org/bot8380517379:AAF1pCJKN2uz2YL86yw_wKcFHGy_oFmvOjQ/getUpdates "HTTP/1.1 200 OK"
2025-08-22 20:05:54,493 [INFO] HTTP Request: POST https://api.telegram.org/bot8380517379:AAF1pCJKN2uz2YL86yw_wKcFHGy_oFmvOjQ/getUpdates "HTTP/1.1 200 OK"
2025-08-22 20:06:04,577 [INFO] HTTP Request: POST https://api.telegram.org/bot8380517379:AAF1pCJKN2uz2YL86yw_wKcFHGy_oFmvOjQ/getUpdates "HTTP/1.1 200 OK"
2025-08-22 20:06:14,661 [INFO] HTTP Request: POST https://api.telegram.org/bot8380517379:AAF1pCJKN2uz2YL86yw_wKcFHGy_oFmvOjQ/getUpdates "HTTP/1.1 200 OK"
2025-08-22 20:06:14,917 [INFO] HTTP Request: POST https://api.telegram.org/bot8380517379:AAF1pCJKN2uz2YL86yw_wKcFHGy_oFmvOjQ/getUpdates "HTTP/1.1 200 OK"
2025-08-22 20:06:20,564 [INFO] HTTP Request: POST https://api.telegram.org/bot8380517379:AAF1pCJKN2uz2YL86yw_wKcFHGy_oFmvOjQ/getUpdates "HTTP/1.1 200 OK"
2025-08-22 20:06:21,294 [INFO] HTTP Request: POST https://api.telegram.org/bot8380517379:AAF1pCJKN2uz2YL86yw_wKcFHGy_oFmvOjQ/getUpdates "HTTP/1.1 200 OK"
2025-08-22 20:06:31,379 [INFO] HTTP Request: POST https://api.telegram.org/bot8380517379:AAF1pCJKN2uz2YL86yw_wKcFHGy_oFmvOjQ/getUpdates "HTTP/1.1 200 OK"
2025-08-22 20:06:41,462 [INFO] HTTP Request: POST https://api.telegram.org/bot8380517379:AAF1pCJKN2uz2YL86yw_wKcFHGy_oFmvOjQ/getUpdates "HTTP/1.1 200 OK"
2025-08-22 20:06:51,550 [INFO] HTTP Request: POST https://api.telegram.org/bot8380517379:AAF1pCJKN2uz2YL86yw_wKcFHGy_oFmvOjQ/getUpdates "HTTP/1.1 200 OK"
2025-08-22 20:07:00,081 [INFO] HTTP Request: POST https://api.telegram.org/bot8380517379:AAF1pCJKN2uz2YL86yw_wKcFHGy_oFmvOjQ/getUpdates "HTTP/1.1 200 OK"
2025-08-22 20:07:10,167 [INFO] HTTP Request: POST https://api.telegram.org/bot8380517379:AAF1pCJKN2uz2YL86yw_wKcFHGy_oFmvOjQ/getUpdates "HTTP/1.1 200 OK"
2025-08-22 20:07:17,842 [WARNING] Can't read C:\Users\User\Desktop\Remanga\EW\Bot\history_ew.json: [Errno 2] No such file or directory: 'C:\\Users\\User\\Desktop\\Remanga\\EW\\Bot\\history_ew.json'
2025-08-22 20:07:17,842 [WARNING] Can't read C:\Users\User\Desktop\Remanga\EW\Bot\history_ed.json: [Errno 2] No such file or directory: 'C:\\Users\\User\\Desktop\\Remanga\\EW\\Bot\\history_ed.json'
2025-08-22 20:07:17,842 [WARNING] Can't read C:\Users\User\Desktop\Remanga\EW\Bot\top10.json: [Errno 2] No such file or directory: 'C:\\Users\\User\\Desktop\\Remanga\\EW\\Bot\\top10.json'
2025-08-22 20:07:17,842 [INFO] Синхронизация с GitHub:
❌ history_ew.json: не прочитан C:\Users\User\Desktop\Remanga\EW\Bot\history_ew.json
❌ history_ed.json: не прочитан C:\Users\User\Desktop\Remanga\EW\Bot\history_ed.json
❌ top10.json: не прочитан C:\Users\User\Desktop\Remanga\EW\Bot\top10.json
2025-08-22 20:07:20,249 [INFO] HTTP Request: POST https://api.telegram.org/bot8380517379:AAF1pCJKN2uz2YL86yw_wKcFHGy_oFmvOjQ/getUpdates "HTTP/1.1 200 OK"
2025-08-22 20:07:20,331 [INFO] HTTP Request: POST https://api.telegram.org/bot8380517379:AAF1pCJKN2uz2YL86yw_wKcFHGy_oFmvOjQ/getUpdates "HTTP/1.1 200 OK"
2025-08-22 20:07:30,635 [INFO] HTTP Request: POST https://api.telegram.org/bot8380517379:AAF1pCJKN2uz2YL86yw_wKcFHGy_oFmvOjQ/getUpdates "HTTP/1.1 200 OK"
2025-08-22 20:07:32,101 [INFO] HTTP Request: POST https://api.telegram.org/bot8380517379:AAF1pCJKN2uz2YL86yw_wKcFHGy_oFmvOjQ/getUpdates "HTTP/1.1 200 OK"
2025-08-22 20:07:35,964 [INFO] HTTP Request: POST https://api.telegram.org/bot8380517379:AAF1pCJKN2uz2YL86yw_wKcFHGy_oFmvOjQ/getUpdates "HTTP/1.1 200 OK"
2025-08-22 20:07:38,474 [INFO] HTTP Request: POST https://api.telegram.org/bot8380517379:AAF1pCJKN2uz2YL86yw_wKcFHGy_oFmvOjQ/getUpdates "HTTP/1.1 200 OK"
2025-08-22 20:07:45,956 [INFO] HTTP Request: POST https://api.telegram.org/bot8380517379:AAF1pCJKN2uz2YL86yw_wKcFHGy_oFmvOjQ/getUpdates "HTTP/1.1 200 OK"
2025-08-22 20:07:55,854 [INFO] HTTP Request: POST https://api.telegram.org/bot8380517379:AAF1pCJKN2uz2YL86yw_wKcFHGy_oFmvOjQ/getUpdates "HTTP/1.1 200 OK"
2025-08-22 20:07:55,951 [INFO] HTTP Request: POST https://api.telegram.org/bot8380517379:AAF1pCJKN2uz2YL86yw_wKcFHGy_oFmvOjQ/getUpdates "HTTP/1.1 200 OK"
2025-08-22 20:08:02,460 [INFO] HTTP Request: POST https://api.telegram.org/bot8380517379:AAF1pCJKN2uz2YL86yw_wKcFHGy_oFmvOjQ/getUpdates "HTTP/1.1 200 OK"
2025-08-22 20:08:06,832 [INFO] HTTP Request: POST https://api.telegram.org/bot8380517379:AAF1pCJKN2uz2YL86yw_wKcFHGy_oFmvOjQ/getUpdates "HTTP/1.1 200 OK"
2025-08-22 20:08:15,667 [INFO] HTTP Request: POST https://api.telegram.org/bot8380517379:AAF1pCJKN2uz2YL86yw_wKcFHGy_oFmvOjQ/getUpdates "HTTP/1.1 200 OK"
2025-08-22 20:08:19,502 [INFO] HTTP Request: POST https://api.telegram.org/bot8380517379:AAF1pCJKN2uz2YL86yw_wKcFHGy_oFmvOjQ/getUpdates "HTTP/1.1 200 OK"
2025-08-22 20:08:21,736 [INFO] HTTP Request: POST https://api.telegram.org/bot8380517379:AAF1pCJKN2uz2YL86yw_wKcFHGy_oFmvOjQ/getUpdates "HTTP/1.1 200 OK"
2025-08-22 20:08:25,888 [INFO] HTTP Request: POST https://api.telegram.org/bot8380517379:AAF1pCJKN2uz2YL86yw_wKcFHGy_oFmvOjQ/getUpdates "HTTP/1.1 200 OK"
2025-08-22 20:08:27,443 [INFO] HTTP Request: POST https://api.telegram.org/bot8380517379:AAF1pCJKN2uz2YL86yw_wKcFHGy_oFmvOjQ/getUpdates "HTTP/1.1 200 OK"
2025-08-22 20:08:30,066 [INFO] HTTP Request: POST https://api.telegram.org/bot8380517379:AAF1pCJKN2uz2YL86yw_wKcFHGy_oFmvOjQ/getUpdates "HTTP/1.1 200 OK"
2025-08-22 20:08:31,040 [INFO] HTTP Request: POST https://api.telegram.org/bot8380517379:AAF1pCJKN2uz2YL86yw_wKcFHGy_oFmvOjQ/getUpdates "HTTP/1.1 200 OK"
2025-08-22 20:08:41,125 [INFO] HTTP Request: POST https://api.telegram.org/bot8380517379:AAF1pCJKN2uz2YL86yw_wKcFHGy_oFmvOjQ/getUpdates "HTTP/1.1 200 OK"
2025-08-22 20:08:43,700 [INFO] HTTP Request: POST https://api.telegram.org/bot8380517379:AAF1pCJKN2uz2YL86yw_wKcFHGy_oFmvOjQ/getUpdates "HTTP/1.1 200 OK"
2025-08-22 20:08:52,787 [INFO] HTTP Request: POST https://api.telegram.org/bot8380517379:AAF1pCJKN2uz2YL86yw_wKcFHGy_oFmvOjQ/getUpdates "HTTP/1.1 200 OK"
2025-08-22 20:08:54,980 [INFO] HTTP Request: POST https://api.telegram.org/bot8380517379:AAF1pCJKN2uz2YL86yw_wKcFHGy_oFmvOjQ/getUpdates "HTTP/1.1 200 OK"
2025-08-22 20:08:59,333 [INFO] HTTP Request: POST https://api.telegram.org/bot8380517379:AAF1pCJKN2uz2YL86yw_wKcFHGy_oFmvOjQ/getUpdates "HTTP/1.1 200 OK"
2025-08-22 20:09:08,519 [INFO] HTTP Request: POST https://api.telegram.org/bot8380517379:AAF1pCJKN2uz2YL86yw_wKcFHGy_oFmvOjQ/getUpdates "HTTP/1.1 200 OK"
2025-08-22 20:09:10,642 [INFO] HTTP Request: POST https://api.telegram.org/bot8380517379:AAF1pCJKN2uz2YL86yw_wKcFHGy_oFmvOjQ/getUpdates "HTTP/1.1 200 OK"
2025-08-22 20:09:20,729 [INFO] HTTP Request: POST https://api.telegram.org/bot8380517379:AAF1pCJKN2uz2YL86yw_wKcFHGy_oFmvOjQ/getUpdates "HTTP/1.1 200 OK"
2025-08-22 20:09:30,816 [INFO] HTTP Request: POST https://api.telegram.org/bot8380517379:AAF1pCJKN2uz2YL86yw_wKcFHGy_oFmvOjQ/getUpdates "HTTP/1.1 200 OK"
2025-08-22 20:09:40,901 [INFO] HTTP Request: POST https://api.telegram.org/bot8380517379:AAF1pCJKN2uz2YL86yw_wKcFHGy_oFmvOjQ/getUpdates "HTTP/1.1 200 OK"
2025-08-22 20:09:49,204 [INFO] HTTP Request: POST https://api.telegram.org/bot8380517379:AAF1pCJKN2uz2YL86yw_wKcFHGy_oFmvOjQ/getUpdates "HTTP/1.1 200 OK"
2025-08-22 20:09:59,289 [INFO] HTTP Request: POST https://api.telegram.org/bot8380517379:AAF1pCJKN2uz2YL86yw_wKcFHGy_oFmvOjQ/getUpdates "HTTP/1.1 200 OK"
2025-08-22 20:10:09,374 [INFO] HTTP Request: POST https://api.telegram.org/bot8380517379:AAF1pCJKN2uz2YL86yw_wKcFHGy_oFmvOjQ/getUpdates "HTTP/1.1 200 OK"
2025-08-22 20:10:17,414 [INFO] HTTP Request: POST https://api.telegram.org/bot8380517379:AAF1pCJKN2uz2YL86yw_wKcFHGy_oFmvOjQ/getUpdates "HTTP/1.1 200 OK"
2025-08-22 20:10:22,336 [INFO] HTTP Request: POST https://api.telegram.org/bot8380517379:AAF1pCJKN2uz2YL86yw_wKcFHGy_oFmvOjQ/getUpdates "HTTP/1.1 200 OK"
2025-08-22 20:10:22,337 [INFO] WEB_APP_DATA from 1515127053: {"type":"sync","state":{"userId":1515127053,"balance":163955,"baseTap":1,"upgrades":{"tapPower":4,"autoClick":1,"mult":3,"offline":6},"lastTs":1755875422042,"energy":1,"claimedEnergy":61,"profile":"https://remanga.org/user/12762/about"}}
2025-08-22 20:10:22,676 [INFO] HTTP Request: POST https://api.telegram.org/bot8380517379:AAF1pCJKN2uz2YL86yw_wKcFHGy_oFmvOjQ/sendMessage "HTTP/1.1 200 OK"
2025-08-22 20:10:32,423 [INFO] HTTP Request: POST https://api.telegram.org/bot8380517379:AAF1pCJKN2uz2YL86yw_wKcFHGy_oFmvOjQ/getUpdates "HTTP/1.1 200 OK"
2025-08-22 20:10:38,869 [INFO] HTTP Request: POST https://api.telegram.org/bot8380517379:AAF1pCJKN2uz2YL86yw_wKcFHGy_oFmvOjQ/getUpdates "HTTP/1.1 200 OK"
2025-08-22 20:10:39,742 [INFO] HTTP Request: POST https://api.telegram.org/bot8380517379:AAF1pCJKN2uz2YL86yw_wKcFHGy_oFmvOjQ/getUpdates "HTTP/1.1 200 OK"
2025-08-22 20:10:39,743 [INFO] WEB_APP_DATA from 1515127053: {"type":"sync","state":{"userId":1515127053,"balance":164089,"baseTap":1,"upgrades":{"tapPower":4,"autoClick":1,"mult":3,"offline":6},"lastTs":1755875439579,"energy":1,"claimedEnergy":61,"profile":"https://remanga.org/user/12762/about"}}
2025-08-22 20:10:40,010 [INFO] HTTP Request: POST https://api.telegram.org/bot8380517379:AAF1pCJKN2uz2YL86yw_wKcFHGy_oFmvOjQ/sendMessage "HTTP/1.1 200 OK"
2025-08-22 20:10:41,846 [INFO] HTTP Request: POST https://api.telegram.org/bot8380517379:AAF1pCJKN2uz2YL86yw_wKcFHGy_oFmvOjQ/getUpdates "HTTP/1.1 200 OK"
2025-08-22 20:10:43,837 [INFO] HTTP Request: POST https://api.telegram.org/bot8380517379:AAF1pCJKN2uz2YL86yw_wKcFHGy_oFmvOjQ/getUpdates "HTTP/1.1 200 OK"
2025-08-22 20:10:45,589 [INFO] HTTP Request: POST https://api.telegram.org/bot8380517379:AAF1pCJKN2uz2YL86yw_wKcFHGy_oFmvOjQ/getUpdates "HTTP/1.1 200 OK"
2025-08-22 20:10:48,910 [INFO] HTTP Request: POST https://api.telegram.org/bot8380517379:AAF1pCJKN2uz2YL86yw_wKcFHGy_oFmvOjQ/getUpdates "HTTP/1.1 200 OK"
2025-08-22 20:10:53,146 [INFO] HTTP Request: POST https://api.telegram.org/bot8380517379:AAF1pCJKN2uz2YL86yw_wKcFHGy_oFmvOjQ/getUpdates "HTTP/1.1 200 OK"
2025-08-22 20:10:55,137 [INFO] HTTP Request: POST https://api.telegram.org/bot8380517379:AAF1pCJKN2uz2YL86yw_wKcFHGy_oFmvOjQ/getUpdates "HTTP/1.1 200 OK"
2025-08-22 20:10:59,689 [INFO] HTTP Request: POST https://api.telegram.org/bot8380517379:AAF1pCJKN2uz2YL86yw_wKcFHGy_oFmvOjQ/getUpdates "HTTP/1.1 200 OK"
2025-08-22 20:11:01,256 [INFO] HTTP Request: POST https://api.telegram.org/bot8380517379:AAF1pCJKN2uz2YL86yw_wKcFHGy_oFmvOjQ/getUpdates "HTTP/1.1 200 OK"
2025-08-22 20:11:08,462 [INFO] HTTP Request: POST https://api.telegram.org/bot8380517379:AAF1pCJKN2uz2YL86yw_wKcFHGy_oFmvOjQ/getUpdates "HTTP/1.1 200 OK"
2025-08-22 20:11:12,261 [INFO] HTTP Request: POST https://api.telegram.org/bot8380517379:AAF1pCJKN2uz2YL86yw_wKcFHGy_oFmvOjQ/getUpdates "HTTP/1.1 200 OK"
2025-08-22 20:11:17,521 [INFO] HTTP Request: POST https://api.telegram.org/bot8380517379:AAF1pCJKN2uz2YL86yw_wKcFHGy_oFmvOjQ/getUpdates "HTTP/1.1 200 OK"
2025-08-22 20:11:19,583 [INFO] HTTP Request: POST https://api.telegram.org/bot8380517379:AAF1pCJKN2uz2YL86yw_wKcFHGy_oFmvOjQ/getUpdates "HTTP/1.1 200 OK"
2025-08-22 20:11:26,061 [INFO] HTTP Request: POST https://api.telegram.org/bot8380517379:AAF1pCJKN2uz2YL86yw_wKcFHGy_oFmvOjQ/getUpdates "HTTP/1.1 200 OK"
2025-08-22 20:11:36,145 [INFO] HTTP Request: POST https://api.telegram.org/bot8380517379:AAF1pCJKN2uz2YL86yw_wKcFHGy_oFmvOjQ/getUpdates "HTTP/1.1 200 OK"
2025-08-22 20:11:46,230 [INFO] HTTP Request: POST https://api.telegram.org/bot8380517379:AAF1pCJKN2uz2YL86yw_wKcFHGy_oFmvOjQ/getUpdates "HTTP/1.1 200 OK"
2025-08-22 20:11:46,645 [INFO] HTTP Request: POST https://api.telegram.org/bot8380517379:AAF1pCJKN2uz2YL86yw_wKcFHGy_oFmvOjQ/getUpdates "HTTP/1.1 200 OK"
2025-08-22 20:11:50,176 [INFO] HTTP Request: POST https://api.telegram.org/bot8380517379:AAF1pCJKN2uz2YL86yw_wKcFHGy_oFmvOjQ/getUpdates "HTTP/1.1 200 OK"
2025-08-22 20:12:00,261 [INFO] HTTP Request: POST https://api.telegram.org/bot8380517379:AAF1pCJKN2uz2YL86yw_wKcFHGy_oFmvOjQ/getUpdates "HTTP/1.1 200 OK"
2025-08-22 20:12:10,350 [INFO] HTTP Request: POST https://api.telegram.org/bot8380517379:AAF1pCJKN2uz2YL86yw_wKcFHGy_oFmvOjQ/getUpdates "HTTP/1.1 200 OK"
2025-08-22 20:12:17,842 [WARNING] Can't read C:\Users\User\Desktop\Remanga\EW\Bot\history_ew.json: [Errno 2] No such file or directory: 'C:\\Users\\User\\Desktop\\Remanga\\EW\\Bot\\history_ew.json'
2025-08-22 20:12:17,842 [WARNING] Can't read C:\Users\User\Desktop\Remanga\EW\Bot\history_ed.json: [Errno 2] No such file or directory: 'C:\\Users\\User\\Desktop\\Remanga\\EW\\Bot\\history_ed.json'
2025-08-22 20:12:17,842 [WARNING] Can't read C:\Users\User\Desktop\Remanga\EW\Bot\top10.json: [Errno 2] No such file or directory: 'C:\\Users\\User\\Desktop\\Remanga\\EW\\Bot\\top10.json'
2025-08-22 20:12:17,842 [INFO] Синхронизация с GitHub:
❌ history_ew.json: не прочитан C:\Users\User\Desktop\Remanga\EW\Bot\history_ew.json
❌ history_ed.json: не прочитан C:\Users\User\Desktop\Remanga\EW\Bot\history_ed.json
❌ top10.json: не прочитан C:\Users\User\Desktop\Remanga\EW\Bot\top10.json
2025-08-22 20:12:20,438 [INFO] HTTP Request: POST https://api.telegram.org/bot8380517379:AAF1pCJKN2uz2YL86yw_wKcFHGy_oFmvOjQ/getUpdates "HTTP/1.1 200 OK"
2025-08-22 20:12:22,878 [INFO] HTTP Request: POST https://api.telegram.org/bot8380517379:AAF1pCJKN2uz2YL86yw_wKcFHGy_oFmvOjQ/getUpdates "HTTP/1.1 200 OK"
2025-08-22 20:12:23,833 [INFO] HTTP Request: POST https://api.telegram.org/bot8380517379:AAF1pCJKN2uz2YL86yw_wKcFHGy_oFmvOjQ/getUpdates "HTTP/1.1 200 OK"
2025-08-22 20:12:30,612 [INFO] HTTP Request: POST https://api.telegram.org/bot8380517379:AAF1pCJKN2uz2YL86yw_wKcFHGy_oFmvOjQ/getUpdates "HTTP/1.1 200 OK"
2025-08-22 20:12:40,723 [INFO] HTTP Request: POST https://api.telegram.org/bot8380517379:AAF1pCJKN2uz2YL86yw_wKcFHGy_oFmvOjQ/getUpdates "HTTP/1.1 200 OK"
2025-08-22 20:12:43,859 [INFO] HTTP Request: POST https://api.telegram.org/bot8380517379:AAF1pCJKN2uz2YL86yw_wKcFHGy_oFmvOjQ/getUpdates "HTTP/1.1 200 OK"
2025-08-22 20:12:47,466 [INFO] HTTP Request: POST https://api.telegram.org/bot8380517379:AAF1pCJKN2uz2YL86yw_wKcFHGy_oFmvOjQ/getUpdates "HTTP/1.1 200 OK"
2025-08-22 20:12:48,932 [INFO] HTTP Request: POST https://api.telegram.org/bot8380517379:AAF1pCJKN2uz2YL86yw_wKcFHGy_oFmvOjQ/getUpdates "HTTP/1.1 200 OK"
2025-08-22 20:12:49,365 [INFO] HTTP Request: POST https://api.telegram.org/bot8380517379:AAF1pCJKN2uz2YL86yw_wKcFHGy_oFmvOjQ/getUpdates "HTTP/1.1 200 OK"
2025-08-22 20:12:55,207 [INFO] HTTP Request: POST https://api.telegram.org/bot8380517379:AAF1pCJKN2uz2YL86yw_wKcFHGy_oFmvOjQ/getUpdates "HTTP/1.1 200 OK"
2025-08-22 20:13:03,186 [INFO] HTTP Request: POST https://api.telegram.org/bot8380517379:AAF1pCJKN2uz2YL86yw_wKcFHGy_oFmvOjQ/getUpdates "HTTP/1.1 200 OK"
2025-08-22 20:13:07,708 [INFO] HTTP Request: POST https://api.telegram.org/bot8380517379:AAF1pCJKN2uz2YL86yw_wKcFHGy_oFmvOjQ/getUpdates "HTTP/1.1 200 OK"
2025-08-22 20:13:10,534 [INFO] HTTP Request: POST https://api.telegram.org/bot8380517379:AAF1pCJKN2uz2YL86yw_wKcFHGy_oFmvOjQ/getUpdates "HTTP/1.1 200 OK"
2025-08-22 20:13:19,358 [INFO] HTTP Request: POST https://api.telegram.org/bot8380517379:AAF1pCJKN2uz2YL86yw_wKcFHGy_oFmvOjQ/getUpdates "HTTP/1.1 200 OK"
2025-08-22 20:13:21,115 [INFO] HTTP Request: POST https://api.telegram.org/bot8380517379:AAF1pCJKN2uz2YL86yw_wKcFHGy_oFmvOjQ/getUpdates "HTTP/1.1 200 OK"
2025-08-22 20:13:27,372 [INFO] HTTP Request: POST https://api.telegram.org/bot8380517379:AAF1pCJKN2uz2YL86yw_wKcFHGy_oFmvOjQ/getUpdates "HTTP/1.1 200 OK"
2025-08-22 20:13:33,226 [INFO] HTTP Request: POST https://api.telegram.org/bot8380517379:AAF1pCJKN2uz2YL86yw_wKcFHGy_oFmvOjQ/getUpdates "HTTP/1.1 200 OK"
2025-08-22 20:13:43,312 [INFO] HTTP Request: POST https://api.telegram.org/bot8380517379:AAF1pCJKN2uz2YL86yw_wKcFHGy_oFmvOjQ/getUpdates "HTTP/1.1 200 OK"
2025-08-22 20:13:44,385 [INFO] HTTP Request: POST https://api.telegram.org/bot8380517379:AAF1pCJKN2uz2YL86yw_wKcFHGy_oFmvOjQ/getUpdates "HTTP/1.1 200 OK"
2025-08-22 20:13:52,241 [INFO] HTTP Request: POST https://api.telegram.org/bot8380517379:AAF1pCJKN2uz2YL86yw_wKcFHGy_oFmvOjQ/getUpdates "HTTP/1.1 200 OK"
2025-08-22 20:13:54,757 [INFO] HTTP Request: POST https://api.telegram.org/bot8380517379:AAF1pCJKN2uz2YL86yw_wKcFHGy_oFmvOjQ/getUpdates "HTTP/1.1 200 OK"
2025-08-22 20:13:57,996 [INFO] HTTP Request: POST https://api.telegram.org/bot8380517379:AAF1pCJKN2uz2YL86yw_wKcFHGy_oFmvOjQ/getUpdates "HTTP/1.1 200 OK"
2025-08-22 20:14:05,371 [INFO] HTTP Request: POST https://api.telegram.org/bot8380517379:AAF1pCJKN2uz2YL86yw_wKcFHGy_oFmvOjQ/getUpdates "HTTP/1.1 200 OK"
2025-08-22 20:14:08,549 [INFO] HTTP Request: POST https://api.telegram.org/bot8380517379:AAF1pCJKN2uz2YL86yw_wKcFHGy_oFmvOjQ/getUpdates "HTTP/1.1 200 OK"
2025-08-22 20:14:14,069 [INFO] HTTP Request: POST https://api.telegram.org/bot8380517379:AAF1pCJKN2uz2YL86yw_wKcFHGy_oFmvOjQ/getUpdates "HTTP/1.1 200 OK"
2025-08-22 20:14:24,155 [INFO] HTTP Request: POST https://api.telegram.org/bot8380517379:AAF1pCJKN2uz2YL86yw_wKcFHGy_oFmvOjQ/getUpdates "HTTP/1.1 200 OK"
2025-08-22 20:14:34,288 [INFO] HTTP Request: POST https://api.telegram.org/bot8380517379:AAF1pCJKN2uz2YL86yw_wKcFHGy_oFmvOjQ/getUpdates "HTTP/1.1 200 OK"
2025-08-22 20:14:37,949 [INFO] HTTP Request: POST https://api.telegram.org/bot8380517379:AAF1pCJKN2uz2YL86yw_wKcFHGy_oFmvOjQ/getUpdates "HTTP/1.1 200 OK"
2025-08-22 20:14:38,911 [INFO] HTTP Request: POST https://api.telegram.org/bot8380517379:AAF1pCJKN2uz2YL86yw_wKcFHGy_oFmvOjQ/getUpdates "HTTP/1.1 200 OK"
2025-08-22 20:14:39,825 [INFO] HTTP Request: POST https://api.telegram.org/bot8380517379:AAF1pCJKN2uz2YL86yw_wKcFHGy_oFmvOjQ/getUpdates "HTTP/1.1 200 OK"
2025-08-22 20:14:41,499 [INFO] HTTP Request: POST https://api.telegram.org/bot8380517379:AAF1pCJKN2uz2YL86yw_wKcFHGy_oFmvOjQ/getUpdates "HTTP/1.1 200 OK"
2025-08-22 20:14:47,512 [INFO] HTTP Request: POST https://api.telegram.org/bot8380517379:AAF1pCJKN2uz2YL86yw_wKcFHGy_oFmvOjQ/getUpdates "HTTP/1.1 200 OK"
2025-08-22 20:14:57,596 [INFO] HTTP Request: POST https://api.telegram.org/bot8380517379:AAF1pCJKN2uz2YL86yw_wKcFHGy_oFmvOjQ/getUpdates "HTTP/1.1 200 OK"
2025-08-22 20:15:01,347 [INFO] HTTP Request: POST https://api.telegram.org/bot8380517379:AAF1pCJKN2uz2YL86yw_wKcFHGy_oFmvOjQ/getUpdates "HTTP/1.1 200 OK"
2025-08-22 20:15:07,713 [INFO] HTTP Request: POST https://api.telegram.org/bot8380517379:AAF1pCJKN2uz2YL86yw_wKcFHGy_oFmvOjQ/getUpdates "HTTP/1.1 200 OK"
2025-08-22 20:15:13,320 [INFO] HTTP Request: POST https://api.telegram.org/bot8380517379:AAF1pCJKN2uz2YL86yw_wKcFHGy_oFmvOjQ/getUpdates "HTTP/1.1 200 OK"
2025-08-22 20:15:23,406 [INFO] HTTP Request: POST https://api.telegram.org/bot8380517379:AAF1pCJKN2uz2YL86yw_wKcFHGy_oFmvOjQ/getUpdates "HTTP/1.1 200 OK"
2025-08-22 20:15:28,851 [INFO] HTTP Request: POST https://api.telegram.org/bot8380517379:AAF1pCJKN2uz2YL86yw_wKcFHGy_oFmvOjQ/getUpdates "HTTP/1.1 200 OK"
2025-08-22 20:15:32,903 [INFO] HTTP Request: POST https://api.telegram.org/bot8380517379:AAF1pCJKN2uz2YL86yw_wKcFHGy_oFmvOjQ/getUpdates "HTTP/1.1 200 OK"
2025-08-22 20:15:36,162 [INFO] HTTP Request: POST https://api.telegram.org/bot8380517379:AAF1pCJKN2uz2YL86yw_wKcFHGy_oFmvOjQ/getUpdates "HTTP/1.1 200 OK"
2025-08-22 20:15:44,806 [INFO] HTTP Request: POST https://api.telegram.org/bot8380517379:AAF1pCJKN2uz2YL86yw_wKcFHGy_oFmvOjQ/getUpdates "HTTP/1.1 200 OK"
2025-08-22 20:15:45,499 [INFO] HTTP Request: POST https://api.telegram.org/bot8380517379:AAF1pCJKN2uz2YL86yw_wKcFHGy_oFmvOjQ/getUpdates "HTTP/1.1 200 OK"
2025-08-22 20:15:47,334 [INFO] HTTP Request: POST https://api.telegram.org/bot8380517379:AAF1pCJKN2uz2YL86yw_wKcFHGy_oFmvOjQ/getUpdates "HTTP/1.1 200 OK"
2025-08-22 20:15:47,420 [INFO] HTTP Request: POST https://api.telegram.org/bot8380517379:AAF1pCJKN2uz2YL86yw_wKcFHGy_oFmvOjQ/getUpdates "HTTP/1.1 200 OK"
2025-08-22 20:15:57,505 [INFO] HTTP Request: POST https://api.telegram.org/bot8380517379:AAF1pCJKN2uz2YL86yw_wKcFHGy_oFmvOjQ/getUpdates "HTTP/1.1 200 OK"
2025-08-22 20:15:58,875 [INFO] HTTP Request: POST https://api.telegram.org/bot8380517379:AAF1pCJKN2uz2YL86yw_wKcFHGy_oFmvOjQ/getUpdates "HTTP/1.1 200 OK"
2025-08-22 20:15:59,246 [INFO] HTTP Request: POST https://api.telegram.org/bot8380517379:AAF1pCJKN2uz2YL86yw_wKcFHGy_oFmvOjQ/getUpdates "HTTP/1.1 200 OK"
2025-08-22 20:16:09,565 [INFO] HTTP Request: POST https://api.telegram.org/bot8380517379:AAF1pCJKN2uz2YL86yw_wKcFHGy_oFmvOjQ/getUpdates "HTTP/1.1 200 OK"
2025-08-22 20:16:16,146 [INFO] HTTP Request: POST https://api.telegram.org/bot8380517379:AAF1pCJKN2uz2YL86yw_wKcFHGy_oFmvOjQ/getUpdates "HTTP/1.1 200 OK"
2025-08-22 20:16:22,431 [INFO] HTTP Request: POST https://api.telegram.org/bot8380517379:AAF1pCJKN2uz2YL86yw_wKcFHGy_oFmvOjQ/getUpdates "HTTP/1.1 200 OK"
2025-08-22 20:16:27,927 [INFO] HTTP Request: POST https://api.telegram.org/bot8380517379:AAF1pCJKN2uz2YL86yw_wKcFHGy_oFmvOjQ/getUpdates "HTTP/1.1 200 OK"
2025-08-22 20:16:38,017 [INFO] HTTP Request: POST https://api.telegram.org/bot8380517379:AAF1pCJKN2uz2YL86yw_wKcFHGy_oFmvOjQ/getUpdates "HTTP/1.1 200 OK"
2025-08-22 20:16:48,107 [INFO] HTTP Request: POST https://api.telegram.org/bot8380517379:AAF1pCJKN2uz2YL86yw_wKcFHGy_oFmvOjQ/getUpdates "HTTP/1.1 200 OK"
2025-08-22 20:16:53,710 [INFO] HTTP Request: POST https://api.telegram.org/bot8380517379:AAF1pCJKN2uz2YL86yw_wKcFHGy_oFmvOjQ/getUpdates "HTTP/1.1 200 OK"
2025-08-22 20:17:03,802 [INFO] HTTP Request: POST https://api.telegram.org/bot8380517379:AAF1pCJKN2uz2YL86yw_wKcFHGy_oFmvOjQ/getUpdates "HTTP/1.1 200 OK"
2025-08-22 20:17:06,466 [INFO] HTTP Request: POST https://api.telegram.org/bot8380517379:AAF1pCJKN2uz2YL86yw_wKcFHGy_oFmvOjQ/getUpdates "HTTP/1.1 200 OK"
2025-08-22 20:17:16,557 [INFO] HTTP Request: POST https://api.telegram.org/bot8380517379:AAF1pCJKN2uz2YL86yw_wKcFHGy_oFmvOjQ/getUpdates "HTTP/1.1 200 OK"
2025-08-22 20:17:17,848 [WARNING] Can't read C:\Users\User\Desktop\Remanga\EW\Bot\history_ew.json: [Errno 2] No such file or directory: 'C:\\Users\\User\\Desktop\\Remanga\\EW\\Bot\\history_ew.json'
2025-08-22 20:17:17,848 [WARNING] Can't read C:\Users\User\Desktop\Remanga\EW\Bot\history_ed.json: [Errno 2] No such file or directory: 'C:\\Users\\User\\Desktop\\Remanga\\EW\\Bot\\history_ed.json'
2025-08-22 20:17:17,848 [WARNING] Can't read C:\Users\User\Desktop\Remanga\EW\Bot\top10.json: [Errno 2] No such file or directory: 'C:\\Users\\User\\Desktop\\Remanga\\EW\\Bot\\top10.json'
2025-08-22 20:17:17,849 [INFO] Синхронизация с GitHub:
❌ history_ew.json: не прочитан C:\Users\User\Desktop\Remanga\EW\Bot\history_ew.json
❌ history_ed.json: не прочитан C:\Users\User\Desktop\Remanga\EW\Bot\history_ed.json
❌ top10.json: не прочитан C:\Users\User\Desktop\Remanga\EW\Bot\top10.json
2025-08-22 20:17:26,649 [INFO] HTTP Request: POST https://api.telegram.org/bot8380517379:AAF1pCJKN2uz2YL86yw_wKcFHGy_oFmvOjQ/getUpdates "HTTP/1.1 200 OK"
2025-08-22 20:17:36,737 [INFO] HTTP Request: POST https://api.telegram.org/bot8380517379:AAF1pCJKN2uz2YL86yw_wKcFHGy_oFmvOjQ/getUpdates "HTTP/1.1 200 OK"
2025-08-22 20:17:46,825 [INFO] HTTP Request: POST https://api.telegram.org/bot8380517379:AAF1pCJKN2uz2YL86yw_wKcFHGy_oFmvOjQ/getUpdates "HTTP/1.1 200 OK"
2025-08-22 20:17:56,920 [INFO] HTTP Request: POST https://api.telegram.org/bot8380517379:AAF1pCJKN2uz2YL86yw_wKcFHGy_oFmvOjQ/getUpdates "HTTP/1.1 200 OK"
2025-08-22 20:18:07,010 [INFO] HTTP Request: POST https://api.telegram.org/bot8380517379:AAF1pCJKN2uz2YL86yw_wKcFHGy_oFmvOjQ/getUpdates "HTTP/1.1 200 OK"
2025-08-22 20:18:17,098 [INFO] HTTP Request: POST https://api.telegram.org/bot8380517379:AAF1pCJKN2uz2YL86yw_wKcFHGy_oFmvOjQ/getUpdates "HTTP/1.1 200 OK"
2025-08-22 20:18:27,188 [INFO] HTTP Request: POST https://api.telegram.org/bot8380517379:AAF1pCJKN2uz2YL86yw_wKcFHGy_oFmvOjQ/getUpdates "HTTP/1.1 200 OK"
2025-08-22 20:18:37,278 [INFO] HTTP Request: POST https://api.telegram.org/bot8380517379:AAF1pCJKN2uz2YL86yw_wKcFHGy_oFmvOjQ/getUpdates "HTTP/1.1 200 OK"
2025-08-22 20:18:47,368 [INFO] HTTP Request: POST https://api.telegram.org/bot8380517379:AAF1pCJKN2uz2YL86yw_wKcFHGy_oFmvOjQ/getUpdates "HTTP/1.1 200 OK"
2025-08-22 20:18:57,458 [INFO] HTTP Request: POST https://api.telegram.org/bot8380517379:AAF1pCJKN2uz2YL86yw_wKcFHGy_oFmvOjQ/getUpdates "HTTP/1.1 200 OK"
2025-08-22 20:19:07,546 [INFO] HTTP Request: POST https://api.telegram.org/bot8380517379:AAF1pCJKN2uz2YL86yw_wKcFHGy_oFmvOjQ/getUpdates "HTTP/1.1 200 OK"
2025-08-22 20:19:17,636 [INFO] HTTP Request: POST https://api.telegram.org/bot8380517379:AAF1pCJKN2uz2YL86yw_wKcFHGy_oFmvOjQ/getUpdates "HTTP/1.1 200 OK"
2025-08-22 20:19:27,768 [INFO] HTTP Request: POST https://api.telegram.org/bot8380517379:AAF1pCJKN2uz2YL86yw_wKcFHGy_oFmvOjQ/getUpdates "HTTP/1.1 200 OK"
2025-08-22 20:19:37,857 [INFO] HTTP Request: POST https://api.telegram.org/bot8380517379:AAF1pCJKN2uz2YL86yw_wKcFHGy_oFmvOjQ/getUpdates "HTTP/1.1 200 OK"
2025-08-22 20:19:47,947 [INFO] HTTP Request: POST https://api.telegram.org/bot8380517379:AAF1pCJKN2uz2YL86yw_wKcFHGy_oFmvOjQ/getUpdates "HTTP/1.1 200 OK"
2025-08-22 20:19:58,036 [INFO] HTTP Request: POST https://api.telegram.org/bot8380517379:AAF1pCJKN2uz2YL86yw_wKcFHGy_oFmvOjQ/getUpdates "HTTP/1.1 200 OK"
2025-08-22 20:20:00,690 [INFO] HTTP Request: POST https://api.telegram.org/bot8380517379:AAF1pCJKN2uz2YL86yw_wKcFHGy_oFmvOjQ/getUpdates "HTTP/1.1 200 OK"
2025-08-22 20:20:00,691 [INFO] WEB_APP_DATA from 1515127053: {"type":"sync","state":{"userId":1515127053,"balance":165192,"baseTap":1,"upgrades":{"tapPower":4,"autoClick":1,"mult":3,"offline":6},"lastTs":1755876000687,"energy":1,"claimedEnergy":61,"profile":"https://remanga.org/user/12762/about"}}
2025-08-22 20:20:01,005 [INFO] HTTP Request: POST https://api.telegram.org/bot8380517379:AAF1pCJKN2uz2YL86yw_wKcFHGy_oFmvOjQ/sendMessage "HTTP/1.1 200 OK"
2025-08-22 20:20:10,784 [INFO] HTTP Request: POST https://api.telegram.org/bot8380517379:AAF1pCJKN2uz2YL86yw_wKcFHGy_oFmvOjQ/getUpdates "HTTP/1.1 200 OK"
2025-08-22 20:20:20,872 [INFO] HTTP Request: POST https://api.telegram.org/bot8380517379:AAF1pCJKN2uz2YL86yw_wKcFHGy_oFmvOjQ/getUpdates "HTTP/1.1 200 OK"
2025-08-22 20:20:25,219 [INFO] HTTP Request: POST https://api.telegram.org/bot8380517379:AAF1pCJKN2uz2YL86yw_wKcFHGy_oFmvOjQ/getUpdates "HTTP/1.1 200 OK"
2025-08-22 20:20:35,307 [INFO] HTTP Request: POST https://api.telegram.org/bot8380517379:AAF1pCJKN2uz2YL86yw_wKcFHGy_oFmvOjQ/getUpdates "HTTP/1.1 200 OK"
2025-08-22 20:20:40,212 [INFO] HTTP Request: POST https://api.telegram.org/bot8380517379:AAF1pCJKN2uz2YL86yw_wKcFHGy_oFmvOjQ/getUpdates "HTTP/1.1 200 OK"
2025-08-22 20:20:42,376 [INFO] HTTP Request: POST https://api.telegram.org/bot8380517379:AAF1pCJKN2uz2YL86yw_wKcFHGy_oFmvOjQ/getUpdates "HTTP/1.1 200 OK"
2025-08-22 20:20:45,507 [INFO] HTTP Request: POST https://api.telegram.org/bot8380517379:AAF1pCJKN2uz2YL86yw_wKcFHGy_oFmvOjQ/getUpdates "HTTP/1.1 200 OK"
2025-08-22 20:20:45,713 [INFO] HTTP Request: POST https://api.telegram.org/bot8380517379:AAF1pCJKN2uz2YL86yw_wKcFHGy_oFmvOjQ/getUpdates "HTTP/1.1 200 OK"
2025-08-22 20:20:47,671 [INFO] HTTP Request: POST https://api.telegram.org/bot8380517379:AAF1pCJKN2uz2YL86yw_wKcFHGy_oFmvOjQ/getUpdates "HTTP/1.1 200 OK"
2025-08-22 20:20:48,577 [INFO] HTTP Request: POST https://api.telegram.org/bot8380517379:AAF1pCJKN2uz2YL86yw_wKcFHGy_oFmvOjQ/getUpdates "HTTP/1.1 200 OK"
2025-08-22 20:20:51,939 [INFO] HTTP Request: POST https://api.telegram.org/bot8380517379:AAF1pCJKN2uz2YL86yw_wKcFHGy_oFmvOjQ/getUpdates "HTTP/1.1 200 OK"
2025-08-22 20:21:02,027 [INFO] HTTP Request: POST https://api.telegram.org/bot8380517379:AAF1pCJKN2uz2YL86yw_wKcFHGy_oFmvOjQ/getUpdates "HTTP/1.1 200 OK"
2025-08-22 20:21:10,261 [INFO] HTTP Request: POST https://api.telegram.org/bot8380517379:AAF1pCJKN2uz2YL86yw_wKcFHGy_oFmvOjQ/getUpdates "HTTP/1.1 200 OK"
2025-08-22 20:21:11,182 [INFO] HTTP Request: POST https://api.telegram.org/bot8380517379:AAF1pCJKN2uz2YL86yw_wKcFHGy_oFmvOjQ/getUpdates "HTTP/1.1 200 OK"
2025-08-22 20:21:13,240 [INFO] HTTP Request: POST https://api.telegram.org/bot8380517379:AAF1pCJKN2uz2YL86yw_wKcFHGy_oFmvOjQ/getUpdates "HTTP/1.1 200 OK"
2025-08-22 20:21:14,800 [INFO] HTTP Request: POST https://api.telegram.org/bot8380517379:AAF1pCJKN2uz2YL86yw_wKcFHGy_oFmvOjQ/getUpdates "HTTP/1.1 200 OK"
2025-08-22 20:21:24,890 [INFO] HTTP Request: POST https://api.telegram.org/bot8380517379:AAF1pCJKN2uz2YL86yw_wKcFHGy_oFmvOjQ/getUpdates "HTTP/1.1 200 OK"
2025-08-22 20:21:27,900 [INFO] HTTP Request: POST https://api.telegram.org/bot8380517379:AAF1pCJKN2uz2YL86yw_wKcFHGy_oFmvOjQ/getUpdates "HTTP/1.1 200 OK"
2025-08-22 20:21:33,633 [INFO] HTTP Request: POST https://api.telegram.org/bot8380517379:AAF1pCJKN2uz2YL86yw_wKcFHGy_oFmvOjQ/getUpdates "HTTP/1.1 200 OK"
2025-08-22 20:21:34,184 [INFO] HTTP Request: POST https://api.telegram.org/bot8380517379:AAF1pCJKN2uz2YL86yw_wKcFHGy_oFmvOjQ/getUpdates "HTTP/1.1 200 OK"
2025-08-22 20:21:44,274 [INFO] HTTP Request: POST https://api.telegram.org/bot8380517379:AAF1pCJKN2uz2YL86yw_wKcFHGy_oFmvOjQ/getUpdates "HTTP/1.1 200 OK"
2025-08-22 20:21:45,148 [INFO] HTTP Request: POST https://api.telegram.org/bot8380517379:AAF1pCJKN2uz2YL86yw_wKcFHGy_oFmvOjQ/getUpdates "HTTP/1.1 200 OK"
2025-08-22 20:21:49,861 [INFO] HTTP Request: POST https://api.telegram.org/bot8380517379:AAF1pCJKN2uz2YL86yw_wKcFHGy_oFmvOjQ/getUpdates "HTTP/1.1 200 OK"
2025-08-22 20:21:51,095 [INFO] HTTP Request: POST https://api.telegram.org/bot8380517379:AAF1pCJKN2uz2YL86yw_wKcFHGy_oFmvOjQ/getUpdates "HTTP/1.1 200 OK"
2025-08-22 20:21:54,936 [INFO] HTTP Request: POST https://api.telegram.org/bot8380517379:AAF1pCJKN2uz2YL86yw_wKcFHGy_oFmvOjQ/getUpdates "HTTP/1.1 200 OK"
2025-08-22 20:21:56,578 [INFO] HTTP Request: POST https://api.telegram.org/bot8380517379:AAF1pCJKN2uz2YL86yw_wKcFHGy_oFmvOjQ/getUpdates "HTTP/1.1 200 OK"
2025-08-22 20:22:03,391 [INFO] HTTP Request: POST https://api.telegram.org/bot8380517379:AAF1pCJKN2uz2YL86yw_wKcFHGy_oFmvOjQ/getUpdates "HTTP/1.1 200 OK"
2025-08-22 20:22:13,481 [INFO] HTTP Request: POST https://api.telegram.org/bot8380517379:AAF1pCJKN2uz2YL86yw_wKcFHGy_oFmvOjQ/getUpdates "HTTP/1.1 200 OK"
2025-08-22 20:22:17,871 [WARNING] Can't read C:\Users\User\Desktop\Remanga\EW\Bot\history_ew.json: [Errno 2] No such file or directory: 'C:\\Users\\User\\Desktop\\Remanga\\EW\\Bot\\history_ew.json'
2025-08-22 20:22:17,871 [WARNING] Can't read C:\Users\User\Desktop\Remanga\EW\Bot\history_ed.json: [Errno 2] No such file or directory: 'C:\\Users\\User\\Desktop\\Remanga\\EW\\Bot\\history_ed.json'
2025-08-22 20:22:17,871 [WARNING] Can't read C:\Users\User\Desktop\Remanga\EW\Bot\top10.json: [Errno 2] No such file or directory: 'C:\\Users\\User\\Desktop\\Remanga\\EW\\Bot\\top10.json'
2025-08-22 20:22:17,871 [INFO] Синхронизация с GitHub:
❌ history_ew.json: не прочитан C:\Users\User\Desktop\Remanga\EW\Bot\history_ew.json
❌ history_ed.json: не прочитан C:\Users\User\Desktop\Remanga\EW\Bot\history_ed.json
❌ top10.json: не прочитан C:\Users\User\Desktop\Remanga\EW\Bot\top10.json
2025-08-22 20:22:23,570 [INFO] HTTP Request: POST https://api.telegram.org/bot8380517379:AAF1pCJKN2uz2YL86yw_wKcFHGy_oFmvOjQ/getUpdates "HTTP/1.1 200 OK"
2025-08-22 20:22:33,659 [INFO] HTTP Request: POST https://api.telegram.org/bot8380517379:AAF1pCJKN2uz2YL86yw_wKcFHGy_oFmvOjQ/getUpdates "HTTP/1.1 200 OK"
2025-08-22 20:22:43,748 [INFO] HTTP Request: POST https://api.telegram.org/bot8380517379:AAF1pCJKN2uz2YL86yw_wKcFHGy_oFmvOjQ/getUpdates "HTTP/1.1 200 OK"
2025-08-22 20:22:53,836 [INFO] HTTP Request: POST https://api.telegram.org/bot8380517379:AAF1pCJKN2uz2YL86yw_wKcFHGy_oFmvOjQ/getUpdates "HTTP/1.1 200 OK"
2025-08-22 20:23:03,924 [INFO] HTTP Request: POST https://api.telegram.org/bot8380517379:AAF1pCJKN2uz2YL86yw_wKcFHGy_oFmvOjQ/getUpdates "HTTP/1.1 200 OK"
2025-08-22 20:23:05,714 [INFO] HTTP Request: POST https://api.telegram.org/bot8380517379:AAF1pCJKN2uz2YL86yw_wKcFHGy_oFmvOjQ/getUpdates "HTTP/1.1 200 OK"
2025-08-22 20:23:11,464 [INFO] HTTP Request: POST https://api.telegram.org/bot8380517379:AAF1pCJKN2uz2YL86yw_wKcFHGy_oFmvOjQ/getUpdates "HTTP/1.1 200 OK"
2025-08-22 20:23:21,553 [INFO] HTTP Request: POST https://api.telegram.org/bot8380517379:AAF1pCJKN2uz2YL86yw_wKcFHGy_oFmvOjQ/getUpdates "HTTP/1.1 200 OK"
2025-08-22 20:23:31,180 [INFO] HTTP Request: POST https://api.telegram.org/bot8380517379:AAF1pCJKN2uz2YL86yw_wKcFHGy_oFmvOjQ/getUpdates "HTTP/1.1 200 OK"
2025-08-22 20:23:34,116 [INFO] HTTP Request: POST https://api.telegram.org/bot8380517379:AAF1pCJKN2uz2YL86yw_wKcFHGy_oFmvOjQ/getUpdates "HTTP/1.1 200 OK"
2025-08-22 20:23:42,308 [INFO] HTTP Request: POST https://api.telegram.org/bot8380517379:AAF1pCJKN2uz2YL86yw_wKcFHGy_oFmvOjQ/getUpdates "HTTP/1.1 200 OK"
2025-08-22 20:23:43,562 [INFO] HTTP Request: POST https://api.telegram.org/bot8380517379:AAF1pCJKN2uz2YL86yw_wKcFHGy_oFmvOjQ/getUpdates "HTTP/1.1 200 OK"
2025-08-22 20:23:53,651 [INFO] HTTP Request: POST https://api.telegram.org/bot8380517379:AAF1pCJKN2uz2YL86yw_wKcFHGy_oFmvOjQ/getUpdates "HTTP/1.1 200 OK"
2025-08-22 20:24:03,740 [INFO] HTTP Request: POST https://api.telegram.org/bot8380517379:AAF1pCJKN2uz2YL86yw_wKcFHGy_oFmvOjQ/getUpdates "HTTP/1.1 200 OK"
2025-08-22 20:24:13,830 [INFO] HTTP Request: POST https://api.telegram.org/bot8380517379:AAF1pCJKN2uz2YL86yw_wKcFHGy_oFmvOjQ/getUpdates "HTTP/1.1 200 OK"
2025-08-22 20:24:21,794 [INFO] HTTP Request: POST https://api.telegram.org/bot8380517379:AAF1pCJKN2uz2YL86yw_wKcFHGy_oFmvOjQ/getUpdates "HTTP/1.1 200 OK"
2025-08-22 20:24:21,795 [INFO] WEB_APP_DATA from 1515127053: {"type":"sync","state":{"userId":1515127053,"balance":165828,"baseTap":1,"upgrades":{"tapPower":4,"autoClick":1,"mult":3,"offline":6},"lastTs":1755876261487,"energy":1,"claimedEnergy":61,"profile":"https://remanga.org/user/12762/about"}}
2025-08-22 20:24:22,163 [INFO] HTTP Request: POST https://api.telegram.org/bot8380517379:AAF1pCJKN2uz2YL86yw_wKcFHGy_oFmvOjQ/sendMessage "HTTP/1.1 200 OK"
2025-08-22 20:24:25,211 [INFO] HTTP Request: POST https://api.telegram.org/bot8380517379:AAF1pCJKN2uz2YL86yw_wKcFHGy_oFmvOjQ/getUpdates "HTTP/1.1 200 OK"
2025-08-22 20:24:35,300 [INFO] HTTP Request: POST https://api.telegram.org/bot8380517379:AAF1pCJKN2uz2YL86yw_wKcFHGy_oFmvOjQ/getUpdates "HTTP/1.1 200 OK"
2025-08-22 20:24:40,737 [INFO] HTTP Request: POST https://api.telegram.org/bot8380517379:AAF1pCJKN2uz2YL86yw_wKcFHGy_oFmvOjQ/getUpdates "HTTP/1.1 200 OK"
2025-08-22 20:24:41,971 [INFO] HTTP Request: POST https://api.telegram.org/bot8380517379:AAF1pCJKN2uz2YL86yw_wKcFHGy_oFmvOjQ/getUpdates "HTTP/1.1 200 OK"
2025-08-22 20:24:51,422 [INFO] HTTP Request: POST https://api.telegram.org/bot8380517379:AAF1pCJKN2uz2YL86yw_wKcFHGy_oFmvOjQ/getUpdates "HTTP/1.1 200 OK"
2025-08-22 20:24:58,109 [INFO] HTTP Request: POST https://api.telegram.org/bot8380517379:AAF1pCJKN2uz2YL86yw_wKcFHGy_oFmvOjQ/getUpdates "HTTP/1.1 200 OK"
2025-08-22 20:25:03,847 [INFO] HTTP Request: POST https://api.telegram.org/bot8380517379:AAF1pCJKN2uz2YL86yw_wKcFHGy_oFmvOjQ/getUpdates "HTTP/1.1 200 OK"
2025-08-22 20:25:13,936 [INFO] HTTP Request: POST https://api.telegram.org/bot8380517379:AAF1pCJKN2uz2YL86yw_wKcFHGy_oFmvOjQ/getUpdates "HTTP/1.1 200 OK"
2025-08-22 20:25:16,443 [INFO] HTTP Request: POST https://api.telegram.org/bot8380517379:AAF1pCJKN2uz2YL86yw_wKcFHGy_oFmvOjQ/getUpdates "HTTP/1.1 200 OK"
2025-08-22 20:25:19,862 [INFO] HTTP Request: POST https://api.telegram.org/bot8380517379:AAF1pCJKN2uz2YL86yw_wKcFHGy_oFmvOjQ/getUpdates "HTTP/1.1 200 OK"
2025-08-22 20:25:28,925 [INFO] HTTP Request: POST https://api.telegram.org/bot8380517379:AAF1pCJKN2uz2YL86yw_wKcFHGy_oFmvOjQ/getUpdates "HTTP/1.1 200 OK"
2025-08-22 20:25:32,554 [INFO] HTTP Request: POST https://api.telegram.org/bot8380517379:AAF1pCJKN2uz2YL86yw_wKcFHGy_oFmvOjQ/getUpdates "HTTP/1.1 200 OK"
2025-08-22 20:25:35,035 [INFO] HTTP Request: POST https://api.telegram.org/bot8380517379:AAF1pCJKN2uz2YL86yw_wKcFHGy_oFmvOjQ/getUpdates "HTTP/1.1 200 OK"
2025-08-22 20:25:45,123 [INFO] HTTP Request: POST https://api.telegram.org/bot8380517379:AAF1pCJKN2uz2YL86yw_wKcFHGy_oFmvOjQ/getUpdates "HTTP/1.1 200 OK"
2025-08-22 20:25:51,331 [INFO] HTTP Request: POST https://api.telegram.org/bot8380517379:AAF1pCJKN2uz2YL86yw_wKcFHGy_oFmvOjQ/getUpdates "HTTP/1.1 200 OK"
2025-08-22 20:25:52,064 [INFO] HTTP Request: POST https://api.telegram.org/bot8380517379:AAF1pCJKN2uz2YL86yw_wKcFHGy_oFmvOjQ/getUpdates "HTTP/1.1 200 OK"
2025-08-22 20:25:55,931 [INFO] HTTP Request: POST https://api.telegram.org/bot8380517379:AAF1pCJKN2uz2YL86yw_wKcFHGy_oFmvOjQ/getUpdates "HTTP/1.1 200 OK"
2025-08-22 20:26:06,021 [INFO] HTTP Request: POST https://api.telegram.org/bot8380517379:AAF1pCJKN2uz2YL86yw_wKcFHGy_oFmvOjQ/getUpdates "HTTP/1.1 200 OK"
2025-08-22 20:26:07,253 [INFO] HTTP Request: POST https://api.telegram.org/bot8380517379:AAF1pCJKN2uz2YL86yw_wKcFHGy_oFmvOjQ/getUpdates "HTTP/1.1 200 OK"
2025-08-22 20:26:09,996 [INFO] HTTP Request: POST https://api.telegram.org/bot8380517379:AAF1pCJKN2uz2YL86yw_wKcFHGy_oFmvOjQ/getUpdates "HTTP/1.1 200 OK"
2025-08-22 20:26:15,128 [INFO] HTTP Request: POST https://api.telegram.org/bot8380517379:AAF1pCJKN2uz2YL86yw_wKcFHGy_oFmvOjQ/getUpdates "HTTP/1.1 200 OK"
2025-08-22 20:26:25,216 [INFO] HTTP Request: POST https://api.telegram.org/bot8380517379:AAF1pCJKN2uz2YL86yw_wKcFHGy_oFmvOjQ/getUpdates "HTTP/1.1 200 OK"
2025-08-22 20:26:35,307 [INFO] HTTP Request: POST https://api.telegram.org/bot8380517379:AAF1pCJKN2uz2YL86yw_wKcFHGy_oFmvOjQ/getUpdates "HTTP/1.1 200 OK"
2025-08-22 20:26:39,775 [INFO] HTTP Request: POST https://api.telegram.org/bot8380517379:AAF1pCJKN2uz2YL86yw_wKcFHGy_oFmvOjQ/getUpdates "HTTP/1.1 200 OK"
2025-08-22 20:26:39,775 [INFO] WEB_APP_DATA from 1515127053: {"type":"sync","state":{"userId":1515127053,"balance":166135,"baseTap":1,"upgrades":{"tapPower":4,"autoClick":1,"mult":3,"offline":6},"lastTs":1755876399944,"energy":1,"claimedEnergy":61,"profile":"https://remanga.org/user/12762/about"}}
2025-08-22 20:26:40,148 [INFO] HTTP Request: POST https://api.telegram.org/bot8380517379:AAF1pCJKN2uz2YL86yw_wKcFHGy_oFmvOjQ/sendMessage "HTTP/1.1 200 OK"
2025-08-22 20:26:47,873 [INFO] HTTP Request: POST https://api.telegram.org/bot8380517379:AAF1pCJKN2uz2YL86yw_wKcFHGy_oFmvOjQ/getUpdates "HTTP/1.1 200 OK"
2025-08-22 20:26:51,031 [INFO] HTTP Request: POST https://api.telegram.org/bot8380517379:AAF1pCJKN2uz2YL86yw_wKcFHGy_oFmvOjQ/getUpdates "HTTP/1.1 200 OK"
2025-08-22 20:27:01,124 [INFO] HTTP Request: POST https://api.telegram.org/bot8380517379:AAF1pCJKN2uz2YL86yw_wKcFHGy_oFmvOjQ/getUpdates "HTTP/1.1 200 OK"
2025-08-22 20:27:03,730 [INFO] HTTP Request: POST https://api.telegram.org/bot8380517379:AAF1pCJKN2uz2YL86yw_wKcFHGy_oFmvOjQ/getUpdates "HTTP/1.1 200 OK"
2025-08-22 20:27:03,730 [INFO] WEB_APP_DATA from 1515127053: {"type":"sync","state":{"userId":1515127053,"balance":166775,"baseTap":1,"upgrades":{"tapPower":4,"autoClick":1,"mult":3,"offline":6},"lastTs":1755876423969,"energy":1,"claimedEnergy":61,"profile":"https://remanga.org/user/12762/about"}}
2025-08-22 20:27:03,899 [INFO] HTTP Request: POST https://api.telegram.org/bot8380517379:AAF1pCJKN2uz2YL86yw_wKcFHGy_oFmvOjQ/getUpdates "HTTP/1.1 200 OK"
2025-08-22 20:27:04,001 [INFO] HTTP Request: POST https://api.telegram.org/bot8380517379:AAF1pCJKN2uz2YL86yw_wKcFHGy_oFmvOjQ/sendMessage "HTTP/1.1 200 OK"
2025-08-22 20:27:10,185 [INFO] HTTP Request: POST https://api.telegram.org/bot8380517379:AAF1pCJKN2uz2YL86yw_wKcFHGy_oFmvOjQ/getUpdates "HTTP/1.1 200 OK"
2025-08-22 20:27:10,483 [INFO] HTTP Request: POST https://api.telegram.org/bot8380517379:AAF1pCJKN2uz2YL86yw_wKcFHGy_oFmvOjQ/getUpdates "HTTP/1.1 200 OK"
2025-08-22 20:27:12,709 [INFO] HTTP Request: POST https://api.telegram.org/bot8380517379:AAF1pCJKN2uz2YL86yw_wKcFHGy_oFmvOjQ/getUpdates "HTTP/1.1 200 OK"
2025-08-22 20:27:17,879 [WARNING] Can't read C:\Users\User\Desktop\Remanga\EW\Bot\history_ew.json: [Errno 2] No such file or directory: 'C:\\Users\\User\\Desktop\\Remanga\\EW\\Bot\\history_ew.json'
2025-08-22 20:27:17,879 [WARNING] Can't read C:\Users\User\Desktop\Remanga\EW\Bot\history_ed.json: [Errno 2] No such file or directory: 'C:\\Users\\User\\Desktop\\Remanga\\EW\\Bot\\history_ed.json'
2025-08-22 20:27:17,879 [WARNING] Can't read C:\Users\User\Desktop\Remanga\EW\Bot\top10.json: [Errno 2] No such file or directory: 'C:\\Users\\User\\Desktop\\Remanga\\EW\\Bot\\top10.json'
2025-08-22 20:27:17,879 [INFO] Синхронизация с GitHub:
❌ history_ew.json: не прочитан C:\Users\User\Desktop\Remanga\EW\Bot\history_ew.json
❌ history_ed.json: не прочитан C:\Users\User\Desktop\Remanga\EW\Bot\history_ed.json
❌ top10.json: не прочитан C:\Users\User\Desktop\Remanga\EW\Bot\top10.json
2025-08-22 20:27:22,795 [INFO] HTTP Request: POST https://api.telegram.org/bot8380517379:AAF1pCJKN2uz2YL86yw_wKcFHGy_oFmvOjQ/getUpdates "HTTP/1.1 200 OK"
2025-08-22 20:27:24,614 [INFO] HTTP Request: POST https://api.telegram.org/bot8380517379:AAF1pCJKN2uz2YL86yw_wKcFHGy_oFmvOjQ/getUpdates "HTTP/1.1 200 OK"
2025-08-22 20:27:25,330 [INFO] HTTP Request: POST https://api.telegram.org/bot8380517379:AAF1pCJKN2uz2YL86yw_wKcFHGy_oFmvOjQ/getUpdates "HTTP/1.1 200 OK"
2025-08-22 20:27:29,688 [INFO] HTTP Request: POST https://api.telegram.org/bot8380517379:AAF1pCJKN2uz2YL86yw_wKcFHGy_oFmvOjQ/getUpdates "HTTP/1.1 200 OK"
2025-08-22 20:27:39,774 [INFO] HTTP Request: POST https://api.telegram.org/bot8380517379:AAF1pCJKN2uz2YL86yw_wKcFHGy_oFmvOjQ/getUpdates "HTTP/1.1 200 OK"
2025-08-22 20:27:49,859 [INFO] HTTP Request: POST https://api.telegram.org/bot8380517379:AAF1pCJKN2uz2YL86yw_wKcFHGy_oFmvOjQ/getUpdates "HTTP/1.1 200 OK"
2025-08-22 20:27:59,944 [INFO] HTTP Request: POST https://api.telegram.org/bot8380517379:AAF1pCJKN2uz2YL86yw_wKcFHGy_oFmvOjQ/getUpdates "HTTP/1.1 200 OK"
2025-08-22 20:28:10,029 [INFO] HTTP Request: POST https://api.telegram.org/bot8380517379:AAF1pCJKN2uz2YL86yw_wKcFHGy_oFmvOjQ/getUpdates "HTTP/1.1 200 OK"
2025-08-22 20:28:20,113 [INFO] HTTP Request: POST https://api.telegram.org/bot8380517379:AAF1pCJKN2uz2YL86yw_wKcFHGy_oFmvOjQ/getUpdates "HTTP/1.1 200 OK"
2025-08-22 20:28:24,450 [INFO] HTTP Request: POST https://api.telegram.org/bot8380517379:AAF1pCJKN2uz2YL86yw_wKcFHGy_oFmvOjQ/getUpdates "HTTP/1.1 200 OK"
2025-08-22 20:28:26,064 [INFO] HTTP Request: POST https://api.telegram.org/bot8380517379:AAF1pCJKN2uz2YL86yw_wKcFHGy_oFmvOjQ/getUpdates "HTTP/1.1 200 OK"
2025-08-22 20:28:27,757 [INFO] HTTP Request: POST https://api.telegram.org/bot8380517379:AAF1pCJKN2uz2YL86yw_wKcFHGy_oFmvOjQ/getUpdates "HTTP/1.1 200 OK"
2025-08-22 20:28:33,677 [INFO] HTTP Request: POST https://api.telegram.org/bot8380517379:AAF1pCJKN2uz2YL86yw_wKcFHGy_oFmvOjQ/getUpdates "HTTP/1.1 200 OK"
2025-08-22 20:28:43,762 [INFO] HTTP Request: POST https://api.telegram.org/bot8380517379:AAF1pCJKN2uz2YL86yw_wKcFHGy_oFmvOjQ/getUpdates "HTTP/1.1 200 OK"
2025-08-22 20:28:53,848 [INFO] HTTP Request: POST https://api.telegram.org/bot8380517379:AAF1pCJKN2uz2YL86yw_wKcFHGy_oFmvOjQ/getUpdates "HTTP/1.1 200 OK"
2025-08-22 20:29:03,932 [INFO] HTTP Request: POST https://api.telegram.org/bot8380517379:AAF1pCJKN2uz2YL86yw_wKcFHGy_oFmvOjQ/getUpdates "HTTP/1.1 200 OK"
2025-08-22 20:29:14,017 [INFO] HTTP Request: POST https://api.telegram.org/bot8380517379:AAF1pCJKN2uz2YL86yw_wKcFHGy_oFmvOjQ/getUpdates "HTTP/1.1 200 OK"
2025-08-22 20:29:24,101 [INFO] HTTP Request: POST https://api.telegram.org/bot8380517379:AAF1pCJKN2uz2YL86yw_wKcFHGy_oFmvOjQ/getUpdates "HTTP/1.1 200 OK"
2025-08-22 20:29:34,186 [INFO] HTTP Request: POST https://api.telegram.org/bot8380517379:AAF1pCJKN2uz2YL86yw_wKcFHGy_oFmvOjQ/getUpdates "HTTP/1.1 200 OK"
2025-08-22 20:29:37,062 [INFO] HTTP Request: POST https://api.telegram.org/bot8380517379:AAF1pCJKN2uz2YL86yw_wKcFHGy_oFmvOjQ/getUpdates "HTTP/1.1 200 OK"
2025-08-22 20:29:47,145 [INFO] HTTP Request: POST https://api.telegram.org/bot8380517379:AAF1pCJKN2uz2YL86yw_wKcFHGy_oFmvOjQ/getUpdates "HTTP/1.1 200 OK"
2025-08-22 20:29:57,229 [INFO] HTTP Request: POST https://api.telegram.org/bot8380517379:AAF1pCJKN2uz2YL86yw_wKcFHGy_oFmvOjQ/getUpdates "HTTP/1.1 200 OK"
2025-08-22 20:30:07,313 [INFO] HTTP Request: POST https://api.telegram.org/bot8380517379:AAF1pCJKN2uz2YL86yw_wKcFHGy_oFmvOjQ/getUpdates "HTTP/1.1 200 OK"
2025-08-22 20:30:16,350 [INFO] HTTP Request: POST https://api.telegram.org/bot8380517379:AAF1pCJKN2uz2YL86yw_wKcFHGy_oFmvOjQ/getUpdates "HTTP/1.1 200 OK"
2025-08-22 20:30:26,435 [INFO] HTTP Request: POST https://api.telegram.org/bot8380517379:AAF1pCJKN2uz2YL86yw_wKcFHGy_oFmvOjQ/getUpdates "HTTP/1.1 200 OK"
2025-08-22 20:30:33,750 [INFO] HTTP Request: POST https://api.telegram.org/bot8380517379:AAF1pCJKN2uz2YL86yw_wKcFHGy_oFmvOjQ/getUpdates "HTTP/1.1 200 OK"
2025-08-22 20:30:43,835 [INFO] HTTP Request: POST https://api.telegram.org/bot8380517379:AAF1pCJKN2uz2YL86yw_wKcFHGy_oFmvOjQ/getUpdates "HTTP/1.1 200 OK"
2025-08-22 20:30:43,954 [INFO] HTTP Request: POST https://api.telegram.org/bot8380517379:AAF1pCJKN2uz2YL86yw_wKcFHGy_oFmvOjQ/getUpdates "HTTP/1.1 200 OK"
